# JRE version: Java(TM) SE Runtime Environment 18.9 (11.0.22+9) (build 11.0.22+9-LTS-219)
# Java VM: Java HotSpot(TM) 64-Bit Server VM 18.9 (11.0.22+9-LTS-219, mixed mode, tiered, compressed oops, g1 gc, windows-amd64)
Heap:
 garbage-first heap   total 258048K, used 162700K [0x0000000080000000, 0x0000000100000000)
  region size 1024K, 72 young (73728K), 6 survivors (6144K)
 Metaspace       used 81628K, capacity 84307K, committed 84560K, reserved 1122304K
  class space    used 10574K, capacity 11442K, committed 11520K, reserved 1048576K
GC Heap History (10 events):
Event: 1.962 GC heap before
{Heap before GC invocations=4 (full 0):
 garbage-first heap   total 258048K, used 93010K [0x0000000080000000, 0x0000000100000000)
  region size 1024K, 64 young (65536K), 6 survivors (6144K)
 Metaspace       used 34902K, capacity 35756K, committed 35888K, reserved 1081344K
  class space    used 4386K, capacity 4648K, committed 4736K, reserved 1048576K
}
Event: 1.966 GC heap after
{Heap after GC invocations=5 (full 0):
 garbage-first heap   total 258048K, used 39476K [0x0000000080000000, 0x0000000100000000)
  region size 1024K, 11 young (11264K), 11 survivors (11264K)
 Metaspace       used 34902K, capacity 35756K, committed 35888K, reserved 1081344K
  class space    used 4386K, capacity 4648K, committed 4736K, reserved 1048576K
}
Event: 32.482 GC heap before
{Heap before GC invocations=6 (full 0):
 garbage-first heap   total 258048K, used 136756K [0x0000000080000000, 0x0000000100000000)
  region size 1024K, 106 young (108544K), 11 survivors (11264K)
 Metaspace       used 42533K, capacity 43707K, committed 43824K, reserved 1087488K
  class space    used 5426K, capacity 5757K, committed 5760K, reserved 1048576K
}
Event: 32.491 GC heap after
{Heap after GC invocations=7 (full 0):
 garbage-first heap   total 258048K, used 44436K [0x0000000080000000, 0x0000000100000000)
  region size 1024K, 13 young (13312K), 13 survivors (13312K)
 Metaspace       used 42533K, capacity 43707K, committed 43824K, reserved 1087488K
  class space    used 5426K, capacity 5757K, committed 5760K, reserved 1048576K
}
Event: 33.631 GC heap before
{Heap before GC invocations=7 (full 0):
 garbage-first heap   total 258048K, used 193940K [0x0000000080000000, 0x0000000100000000)
  region size 1024K, 151 young (154624K), 13 survivors (13312K)
 Metaspace       used 58539K, capacity 60178K, committed 60240K, reserved 1101824K
  class space    used 7410K, capacity 7921K, committed 7936K, reserved 1048576K
}
Event: 33.641 GC heap after
{Heap after GC invocations=8 (full 0):
 garbage-first heap   total 258048K, used 66560K [0x0000000080000000, 0x0000000100000000)
  region size 1024K, 19 young (19456K), 19 survivors (19456K)
 Metaspace       used 58539K, capacity 60178K, committed 60240K, reserved 1101824K
  class space    used 7410K, capacity 7921K, committed 7936K, reserved 1048576K
}
Event: 34.559 GC heap before
{Heap before GC invocations=9 (full 0):
 garbage-first heap   total 258048K, used 199680K [0x0000000080000000, 0x0000000100000000)
  region size 1024K, 139 young (142336K), 19 survivors (19456K)
 Metaspace       used 68773K, capacity 70918K, committed 71120K, reserved 1112064K
  class space    used 8886K, capacity 9560K, committed 9600K, reserved 1048576K
}
Event: 34.571 GC heap after
{Heap after GC invocations=10 (full 0):
 garbage-first heap   total 258048K, used 92507K [0x0000000080000000, 0x0000000100000000)
  region size 1024K, 15 young (15360K), 15 survivors (15360K)
 Metaspace       used 68773K, capacity 70918K, committed 71120K, reserved 1112064K
  class space    used 8886K, capacity 9560K, committed 9600K, reserved 1048576K
}
Event: 35.244 GC heap before
{Heap before GC invocations=10 (full 0):
 garbage-first heap   total 258048K, used 194907K [0x0000000080000000, 0x0000000100000000)
  region size 1024K, 115 young (117760K), 15 survivors (15360K)
 Metaspace       used 78331K, capacity 80665K, committed 80848K, reserved 1120256K
  class space    used 10079K, capacity 10840K, committed 10880K, reserved 1048576K
}
Event: 35.254 GC heap after
{Heap after GC invocations=11 (full 0):
 garbage-first heap   total 258048K, used 97164K [0x0000000080000000, 0x0000000100000000)
  region size 1024K, 6 young (6144K), 6 survivors (6144K)
 Metaspace       used 78331K, capacity 80665K, committed 80848K, reserved 1120256K
  class space    used 10079K, capacity 10840K, committed 10880K, reserved 1048576K
}

