# JRE version: Java(TM) SE Runtime Environment 18.9 (11.0.22+9) (build 11.0.22+9-LTS-219)
# Java VM: Java HotSpot(TM) 64-Bit Server VM 18.9 (11.0.22+9-LTS-219, mixed mode, tiered, compressed oops, g1 gc, windows-amd64)
Heap:
 garbage-first heap   total 442368K, used 264490K [0x0000000080000000, 0x0000000100000000)
  region size 1024K, 91 young (93184K), 3 survivors (3072K)
 Metaspace       used 163183K, capacity 169540K, committed 229640K, reserved 1249280K
  class space    used 19122K, capacity 21220K, committed 30464K, reserved 1048576K
GC Heap History (10 events):
Event: 12756.835 GC heap before
{Heap before GC invocations=298 (full 0):
 garbage-first heap   total 442368K, used 334962K [0x0000000080000000, 0x0000000100000000)
  region size 1024K, 160 young (163840K), 19 survivors (19456K)
 Metaspace       used 163154K, capacity 169509K, committed 229640K, reserved 1249280K
  class space    used 19119K, capacity 21215K, committed 30464K, reserved 1048576K
}
Event: 12756.859 GC heap after
{Heap after GC invocations=299 (full 0):
 garbage-first heap   total 442368K, used 203885K [0x0000000080000000, 0x0000000100000000)
  region size 1024K, 20 young (20480K), 20 survivors (20480K)
 Metaspace       used 163154K, capacity 169509K, committed 229640K, reserved 1249280K
  class space    used 19119K, capacity 21215K, committed 30464K, reserved 1048576K
}
Event: 12756.861 GC heap before
{Heap before GC invocations=299 (full 0):
 garbage-first heap   total 442368K, used 204909K [0x0000000080000000, 0x0000000100000000)
  region size 1024K, 21 young (21504K), 20 survivors (20480K)
 Metaspace       used 163154K, capacity 169509K, committed 229640K, reserved 1249280K
  class space    used 19119K, capacity 21215K, committed 30464K, reserved 1048576K
}
Event: 12756.879 GC heap after
{Heap after GC invocations=300 (full 0):
 garbage-first heap   total 442368K, used 192408K [0x0000000080000000, 0x0000000100000000)
  region size 1024K, 1 young (1024K), 1 survivors (1024K)
 Metaspace       used 163154K, capacity 169509K, committed 229640K, reserved 1249280K
  class space    used 19119K, capacity 21215K, committed 30464K, reserved 1048576K
}
Event: 12758.060 GC heap before
{Heap before GC invocations=300 (full 0):
 garbage-first heap   total 442368K, used 322456K [0x0000000080000000, 0x0000000100000000)
  region size 1024K, 129 young (132096K), 1 survivors (1024K)
 Metaspace       used 163182K, capacity 169540K, committed 229640K, reserved 1249280K
  class space    used 19122K, capacity 21220K, committed 30464K, reserved 1048576K
}
Event: 12758.073 GC heap after
{Heap after GC invocations=301 (full 0):
 garbage-first heap   total 442368K, used 199265K [0x0000000080000000, 0x0000000100000000)
  region size 1024K, 8 young (8192K), 8 survivors (8192K)
 Metaspace       used 163182K, capacity 169540K, committed 229640K, reserved 1249280K
  class space    used 19122K, capacity 21220K, committed 30464K, reserved 1048576K
}
Event: 12758.337 GC heap before
{Heap before GC invocations=302 (full 0):
 garbage-first heap   total 442368K, used 328289K [0x0000000080000000, 0x0000000100000000)
  region size 1024K, 139 young (142336K), 8 survivors (8192K)
 Metaspace       used 163183K, capacity 169540K, committed 229640K, reserved 1249280K
  class space    used 19122K, capacity 21220K, committed 30464K, reserved 1048576K
}
Event: 12758.345 GC heap after
{Heap after GC invocations=303 (full 0):
 garbage-first heap   total 442368K, used 194832K [0x0000000080000000, 0x0000000100000000)
  region size 1024K, 9 young (9216K), 9 survivors (9216K)
 Metaspace       used 163183K, capacity 169540K, committed 229640K, reserved 1249280K
  class space    used 19122K, capacity 21220K, committed 30464K, reserved 1048576K
}
Event: 12758.360 GC heap before
{Heap before GC invocations=303 (full 0):
 garbage-first heap   total 442368K, used 207120K [0x0000000080000000, 0x0000000100000000)
  region size 1024K, 21 young (21504K), 9 survivors (9216K)
 Metaspace       used 163183K, capacity 169540K, committed 229640K, reserved 1249280K
  class space    used 19122K, capacity 21220K, committed 30464K, reserved 1048576K
}
Event: 12758.381 GC heap after
{Heap after GC invocations=304 (full 0):
 garbage-first heap   total 442368K, used 175402K [0x0000000080000000, 0x0000000100000000)
  region size 1024K, 3 young (3072K), 3 survivors (3072K)
 Metaspace       used 163183K, capacity 169540K, committed 229640K, reserved 1249280K
  class space    used 19122K, capacity 21220K, committed 30464K, reserved 1048576K
}

